dh_update_autotools_config
dh_auto_configure
dh_auto_build
dh_auto_test
dh_prep
override_dh_auto_install dh_auto_install
dh_auto_install
override_dh_install dh_install
dh_install
dh_installdocs
dh_installchangelogs
dh_installman
dh_systemd_enable
override_dh_installinit dh_installinit
dh_installinit
dh_systemd_start
dh_bugfiles
dh_lintian
dh_perl
dh_link
dh_strip_nondeterminism
override_dh_compress dh_compress
dh_compress
dh_fixperms
dh_installdeb
dh_gencontrol
dh_md5sums
dh_builddeb
dh_builddeb
dh_builddeb
dh_builddeb
dh_builddeb
